Switched to a new branch 'gitbook'
M	"MySQL\345\255\246\344\271\240/01-\345\210\235\350\257\206\346\225\260\346\215\256\345\272\223.md"
M	"MySQL\345\255\246\344\271\240/02-MySQL\345\272\223\346\223\215\344\275\234.md"
M	"MySQL\345\255\246\344\271\240/03-MySQL\350\241\250\346\223\215\344\275\234/1\343\200\201MySQL\350\241\250\346\223\215\344\275\234.md"
M	"MySQL\345\255\246\344\271\240/03-MySQL\350\241\250\346\223\215\344\275\234/2\343\200\201MySQL\345\255\230\345\202\250\345\274\225\346\223\216.md"
M	"MySQL\345\255\246\344\271\240/03-MySQL\350\241\250\346\223\215\344\275\234/3\343\200\201MySQLl\346\225\260\346\215\256\347\261\273\345\236\213.md"
M	"MySQL\345\255\246\344\271\240/03-MySQL\350\241\250\346\223\215\344\275\234/4\343\200\201\345\256\214\346\225\264\346\200\247\347\272\246\346\235\237.md"
M	"MySQL\345\255\246\344\271\240/03-MySQL\350\241\250\346\223\215\344\275\234/5\343\200\201\345\244\232\350\241\250\346\237\245\350\257\242\344\271\213\350\241\245\345\205\205.md"
M	"MySQL\345\255\246\344\271\240/04-MySQL\346\225\260\346\215\256\346\223\215\344\275\234/1\343\200\201MySQL\346\225\260\346\215\256\346\223\215\344\275\234.md"
M	"MySQL\345\255\246\344\271\240/04-MySQL\346\225\260\346\215\256\346\223\215\344\275\234/2\343\200\201\345\215\225\350\241\250\346\237\245\350\257\242.md"
M	"MySQL\345\255\246\344\271\240/04-MySQL\346\225\260\346\215\256\346\223\215\344\275\234/3\343\200\201\345\244\232\350\241\250\346\237\245\350\257\242.md"
M	"MySQL\345\255\246\344\271\240/04-MySQL\346\225\260\346\215\256\346\223\215\344\275\234/4\343\200\201MySQL\351\200\273\350\276\221\346\237\245\350\257\242\350\257\255\345\217\245\346\211\247\350\241\214\351\241\272\345\272\217.md"
M	"MySQL\345\255\246\344\271\240/04-MySQL\346\225\260\346\215\256\346\223\215\344\275\234/5\343\200\201\345\244\232\350\241\250\346\237\245\350\257\242\350\247\243\346\236\220.md"
M	"MySQL\345\255\246\344\271\240/Python3\350\277\236\346\216\245MySQL.md"
M	SUMMARY.md
M	"python/Django/01.Django\345\210\235\350\257\206.md"
M	"python/Django/02.Web\346\241\206\346\236\266\346\234\254\350\264\250\345\217\212\347\254\254\344\270\200\344\270\252Django\345\256\236\344\276\213.md"
M	"python/Django/03.HTTP\345\215\217\350\256\256.md"
M	"python/Django/04.Django\346\241\206\346\236\266\347\256\200\344\273\213.md"
M	"python/Django/05.Django\347\232\204\350\247\206\345\233\276.md"
M	"python/Django/06.Django\347\232\204\350\267\257\347\224\261\347\263\273\347\273\237.md"
M	"python/Django/07.Django\346\250\241\346\235\277\347\263\273\347\273\237.md"
M	"python/Django/08.Django\346\250\241\345\236\213ORM.md"
M	"python/Django/09.Django\350\267\257\347\224\261\347\263\273\347\273\237.md"
M	"python/Django/10.ORM\347\233\270\345\205\263\346\223\215\344\275\234.md"
M	"python/Django/11.Form\347\273\204\344\273\266.md"
M	"python/Django/111.ORM\347\211\210\345\255\246\345\221\230\347\256\241\347\220\206\347\263\273\347\273\237.md"
M	"python/Django/\345\215\232\345\256\242\351\241\271\347\233\256\347\202\271\350\265\236\344\270\216\347\201\255\346\223\215\344\275\234.md"
M	"python/Django/\345\215\232\345\256\242\351\241\271\347\233\256\350\257\204\350\256\272.md"
M	"python/lufei-payment/luffy\347\273\223\347\256\227\344\270\255\345\277\203.md"
On branch gitbook
Changes not staged for commit:
  (use "git add <file>..." to update what will be committed)
  (use "git checkout -- <file>..." to discard changes in working directory)

	modified:   "MySQL\345\255\246\344\271\240/01-\345\210\235\350\257\206\346\225\260\346\215\256\345\272\223.md"
	modified:   "MySQL\345\255\246\344\271\240/02-MySQL\345\272\223\346\223\215\344\275\234.md"
	modified:   "MySQL\345\255\246\344\271\240/03-MySQL\350\241\250\346\223\215\344\275\234/1\343\200\201MySQL\350\241\250\346\223\215\344\275\234.md"
	modified:   "MySQL\345\255\246\344\271\240/03-MySQL\350\241\250\346\223\215\344\275\234/2\343\200\201MySQL\345\255\230\345\202\250\345\274\225\346\223\216.md"
	modified:   "MySQL\345\255\246\344\271\240/03-MySQL\350\241\250\346\223\215\344\275\234/3\343\200\201MySQLl\346\225\260\346\215\256\347\261\273\345\236\213.md"
	modified:   "MySQL\345\255\246\344\271\240/03-MySQL\350\241\250\346\223\215\344\275\234/4\343\200\201\345\256\214\346\225\264\346\200\247\347\272\246\346\235\237.md"
	modified:   "MySQL\345\255\246\344\271\240/03-MySQL\350\241\250\346\223\215\344\275\234/5\343\200\201\345\244\232\350\241\250\346\237\245\350\257\242\344\271\213\350\241\245\345\205\205.md"
	modified:   "MySQL\345\255\246\344\271\240/04-MySQL\346\225\260\346\215\256\346\223\215\344\275\234/1\343\200\201MySQL\346\225\260\346\215\256\346\223\215\344\275\234.md"
	modified:   "MySQL\345\255\246\344\271\240/04-MySQL\346\225\260\346\215\256\346\223\215\344\275\234/2\343\200\201\345\215\225\350\241\250\346\237\245\350\257\242.md"
	modified:   "MySQL\345\255\246\344\271\240/04-MySQL\346\225\260\346\215\256\346\223\215\344\275\234/3\343\200\201\345\244\232\350\241\250\346\237\245\350\257\242.md"
	modified:   "MySQL\345\255\246\344\271\240/04-MySQL\346\225\260\346\215\256\346\223\215\344\275\234/4\343\200\201MySQL\351\200\273\350\276\221\346\237\245\350\257\242\350\257\255\345\217\245\346\211\247\350\241\214\351\241\272\345\272\217.md"
	modified:   "MySQL\345\255\246\344\271\240/04-MySQL\346\225\260\346\215\256\346\223\215\344\275\234/5\343\200\201\345\244\232\350\241\250\346\237\245\350\257\242\350\247\243\346\236\220.md"
	modified:   "MySQL\345\255\246\344\271\240/Python3\350\277\236\346\216\245MySQL.md"
	modified:   SUMMARY.md
	modified:   "python/Django/01.Django\345\210\235\350\257\206.md"
	modified:   "python/Django/02.Web\346\241\206\346\236\266\346\234\254\350\264\250\345\217\212\347\254\254\344\270\200\344\270\252Django\345\256\236\344\276\213.md"
	modified:   "python/Django/03.HTTP\345\215\217\350\256\256.md"
	modified:   "python/Django/04.Django\346\241\206\346\236\266\347\256\200\344\273\213.md"
	modified:   "python/Django/05.Django\347\232\204\350\247\206\345\233\276.md"
	modified:   "python/Django/06.Django\347\232\204\350\267\257\347\224\261\347\263\273\347\273\237.md"
	modified:   "python/Django/07.Django\346\250\241\346\235\277\347\263\273\347\273\237.md"
	modified:   "python/Django/08.Django\346\250\241\345\236\213ORM.md"
	modified:   "python/Django/09.Django\350\267\257\347\224\261\347\263\273\347\273\237.md"
	modified:   "python/Django/10.ORM\347\233\270\345\205\263\346\223\215\344\275\234.md"
	modified:   "python/Django/11.Form\347\273\204\344\273\266.md"
	modified:   "python/Django/111.ORM\347\211\210\345\255\246\345\221\230\347\256\241\347\220\206\347\263\273\347\273\237.md"
	modified:   "python/Django/\345\215\232\345\256\242\351\241\271\347\233\256\347\202\271\350\265\236\344\270\216\347\201\255\346\223\215\344\275\234.md"
	modified:   "python/Django/\345\215\232\345\256\242\351\241\271\347\233\256\350\257\204\350\256\272.md"
	modified:   "python/lufei-payment/luffy\347\273\223\347\256\227\344\270\255\345\277\203.md"

Untracked files:
  (use "git add <file>..." to include in what will be committed)

	travis_wait_122.log

no changes added to commit (use "git add" and/or "git commit -a")
